Traceback (most recent call last):
  File "/home/chsu/mambaforge/envs/cefibook/lib/python3.10/site-packages/jupyter_cache/executors/utils.py", line 58, in single_nb_execution
    executenb(
  File "/home/chsu/mambaforge/envs/cefibook/lib/python3.10/site-packages/nbclient/client.py", line 1305, in execute
    return NotebookClient(nb=nb, resources=resources, km=km, **kwargs).execute()
  File "/home/chsu/mambaforge/envs/cefibook/lib/python3.10/site-packages/jupyter_core/utils/__init__.py", line 166, in wrapped
    return loop.run_until_complete(inner)
  File "/home/chsu/mambaforge/envs/cefibook/lib/python3.10/asyncio/base_events.py", line 649, in run_until_complete
    return future.result()
  File "/home/chsu/mambaforge/envs/cefibook/lib/python3.10/site-packages/nbclient/client.py", line 705, in async_execute
    await self.async_execute_cell(
  File "/home/chsu/mambaforge/envs/cefibook/lib/python3.10/site-packages/nbclient/client.py", line 1058, in async_execute_cell
    await self._check_raise_for_error(cell, cell_index, exec_reply)
  File "/home/chsu/mambaforge/envs/cefibook/lib/python3.10/site-packages/nbclient/client.py", line 914, in _check_raise_for_error
    raise CellExecutionError.from_cell_and_msg(cell, exec_reply_content)
nbclient.exceptions.CellExecutionError: An error occurred while executing the following cell:
------------------
ds = e.to_xarray()
------------------


[0;31m---------------------------------------------------------------------------[0m
[0;31mKeyError[0m                                  Traceback (most recent call last)
File [0;32m~/mambaforge/envs/cefibook/lib/python3.10/site-packages/xarray/backends/file_manager.py:210[0m, in [0;36mCachingFileManager._acquire_with_cache_info[0;34m(self, needs_lock)[0m
[1;32m    209[0m [38;5;28;01mtry[39;00m:
[0;32m--> 210[0m     file [38;5;241m=[39m [38;5;28;43mself[39;49m[38;5;241;43m.[39;49m[43m_cache[49m[43m[[49m[38;5;28;43mself[39;49m[38;5;241;43m.[39;49m[43m_key[49m[43m][49m
[1;32m    211[0m [38;5;28;01mexcept[39;00m [38;5;167;01mKeyError[39;00m:

File [0;32m~/mambaforge/envs/cefibook/lib/python3.10/site-packages/xarray/backends/lru_cache.py:56[0m, in [0;36mLRUCache.__getitem__[0;34m(self, key)[0m
[1;32m     55[0m [38;5;28;01mwith[39;00m [38;5;28mself[39m[38;5;241m.[39m_lock:
[0;32m---> 56[0m     value [38;5;241m=[39m [38;5;28;43mself[39;49m[38;5;241;43m.[39;49m[43m_cache[49m[43m[[49m[43mkey[49m[43m][49m
[1;32m     57[0m     [38;5;28mself[39m[38;5;241m.[39m_cache[38;5;241m.[39mmove_to_end(key)

[0;31mKeyError[0m: [<class 'netCDF4._netCDF4.Dataset'>, ('https://coastwatch.pfeg.noaa.gov/erddap/griddap/nceiErsstv5_LonPM180.opendap?sst[(2023-04-15T00:00:00Z):1:(2023-04-15T00:00:00Z)][(0.0):1:(0.0)][(-60):1:(60)][(-180.0):1:(178.0)],ssta[(2023-04-15T00:00:00Z):1:(2023-04-15T00:00:00Z)][(0.0):1:(0.0)][(-60):1:(60)][(-180.0):1:(178.0)]',), 'r', (('clobber', True), ('diskless', False), ('format', 'NETCDF4'), ('persist', False)), '7cdb120c-0161-4cdd-824e-6a1cd1a78ea4']

During handling of the above exception, another exception occurred:

[0;31mOSError[0m                                   Traceback (most recent call last)
Cell [0;32mIn[6], line 1[0m
[0;32m----> 1[0m ds [38;5;241m=[39m [43me[49m[38;5;241;43m.[39;49m[43mto_xarray[49m[43m([49m[43m)[49m

File [0;32m~/mambaforge/envs/cefibook/lib/python3.10/site-packages/erddapy/erddapy.py:371[0m, in [0;36mERDDAP.to_xarray[0;34m(self, **kw)[0m
[1;32m    369[0m url [38;5;241m=[39m [38;5;28mself[39m[38;5;241m.[39mget_download_url(response[38;5;241m=[39mresponse)
[1;32m    370[0m requests_kwargs [38;5;241m=[39m {[38;5;124m"[39m[38;5;124mauth[39m[38;5;124m"[39m: [38;5;28mself[39m[38;5;241m.[39mauth}
[0;32m--> 371[0m [38;5;28;01mreturn[39;00m [43mto_xarray[49m[43m([49m[43murl[49m[43m,[49m[43m [49m[43mresponse[49m[43m,[49m[43m [49m[43mrequests_kwargs[49m[43m,[49m[43m [49m[43mxarray_kwargs[49m[38;5;241;43m=[39;49m[38;5;28;43mdict[39;49m[43m([49m[38;5;241;43m*[39;49m[38;5;241;43m*[39;49m[43mkw[49m[43m)[49m[43m)[49m

File [0;32m~/mambaforge/envs/cefibook/lib/python3.10/site-packages/erddapy/core/interfaces.py:74[0m, in [0;36mto_xarray[0;34m(url, response, requests_kwargs, xarray_kwargs)[0m
[1;32m     71[0m [38;5;28;01mimport[39;00m [38;5;21;01mxarray[39;00m [38;5;28;01mas[39;00m [38;5;21;01mxr[39;00m
[1;32m     73[0m [38;5;28;01mif[39;00m response [38;5;241m==[39m [38;5;124m"[39m[38;5;124mopendap[39m[38;5;124m"[39m:
[0;32m---> 74[0m     [38;5;28;01mreturn[39;00m [43mxr[49m[38;5;241;43m.[39;49m[43mopen_dataset[49m[43m([49m[43murl[49m[43m,[49m[43m [49m[38;5;241;43m*[39;49m[38;5;241;43m*[39;49m[43m([49m[43mxarray_kwargs[49m[43m [49m[38;5;129;43;01mor[39;49;00m[43m [49m[43m{[49m[43m}[49m[43m)[49m[43m)[49m
[1;32m     75[0m [38;5;28;01melse[39;00m:
[1;32m     76[0m     nc [38;5;241m=[39m _nc_dataset(url, requests_kwargs)

File [0;32m~/mambaforge/envs/cefibook/lib/python3.10/site-packages/xarray/backends/api.py:566[0m, in [0;36mopen_dataset[0;34m(filename_or_obj, engine, chunks, cache, decode_cf, mask_and_scale, decode_times, decode_timedelta, use_cftime, concat_characters, decode_coords, drop_variables, inline_array, chunked_array_type, from_array_kwargs, backend_kwargs, **kwargs)[0m
[1;32m    554[0m decoders [38;5;241m=[39m _resolve_decoders_kwargs(
[1;32m    555[0m     decode_cf,
[1;32m    556[0m     open_backend_dataset_parameters[38;5;241m=[39mbackend[38;5;241m.[39mopen_dataset_parameters,
[0;32m   (...)[0m
[1;32m    562[0m     decode_coords[38;5;241m=[39mdecode_coords,
[1;32m    563[0m )
[1;32m    565[0m overwrite_encoded_chunks [38;5;241m=[39m kwargs[38;5;241m.[39mpop([38;5;124m"[39m[38;5;124moverwrite_encoded_chunks[39m[38;5;124m"[39m, [38;5;28;01mNone[39;00m)
[0;32m--> 566[0m backend_ds [38;5;241m=[39m [43mbackend[49m[38;5;241;43m.[39;49m[43mopen_dataset[49m[43m([49m
[1;32m    567[0m [43m    [49m[43mfilename_or_obj[49m[43m,[49m
[1;32m    568[0m [43m    [49m[43mdrop_variables[49m[38;5;241;43m=[39;49m[43mdrop_variables[49m[43m,[49m
[1;32m    569[0m [43m    [49m[38;5;241;43m*[39;49m[38;5;241;43m*[39;49m[43mdecoders[49m[43m,[49m
[1;32m    570[0m [43m    [49m[38;5;241;43m*[39;49m[38;5;241;43m*[39;49m[43mkwargs[49m[43m,[49m
[1;32m    571[0m [43m[49m[43m)[49m
[1;32m    572[0m ds [38;5;241m=[39m _dataset_from_backend_dataset(
[1;32m    573[0m     backend_ds,
[1;32m    574[0m     filename_or_obj,
[0;32m   (...)[0m
[1;32m    584[0m     [38;5;241m*[39m[38;5;241m*[39mkwargs,
[1;32m    585[0m )
[1;32m    586[0m [38;5;28;01mreturn[39;00m ds

File [0;32m~/mambaforge/envs/cefibook/lib/python3.10/site-packages/xarray/backends/netCDF4_.py:588[0m, in [0;36mNetCDF4BackendEntrypoint.open_dataset[0;34m(self, filename_or_obj, mask_and_scale, decode_times, concat_characters, decode_coords, drop_variables, use_cftime, decode_timedelta, group, mode, format, clobber, diskless, persist, lock, autoclose)[0m
[1;32m    567[0m [38;5;28;01mdef[39;00m [38;5;21mopen_dataset[39m(  [38;5;66;03m# type: ignore[override]  # allow LSP violation, not supporting **kwargs[39;00m
[1;32m    568[0m     [38;5;28mself[39m,
[1;32m    569[0m     filename_or_obj: [38;5;28mstr[39m [38;5;241m|[39m os[38;5;241m.[39mPathLike[Any] [38;5;241m|[39m BufferedIOBase [38;5;241m|[39m AbstractDataStore,
[0;32m   (...)[0m
[1;32m    585[0m     autoclose[38;5;241m=[39m[38;5;28;01mFalse[39;00m,
[1;32m    586[0m ) [38;5;241m-[39m[38;5;241m>[39m Dataset:
[1;32m    587[0m     filename_or_obj [38;5;241m=[39m _normalize_path(filename_or_obj)
[0;32m--> 588[0m     store [38;5;241m=[39m [43mNetCDF4DataStore[49m[38;5;241;43m.[39;49m[43mopen[49m[43m([49m
[1;32m    589[0m [43m        [49m[43mfilename_or_obj[49m[43m,[49m
[1;32m    590[0m [43m        [49m[43mmode[49m[38;5;241;43m=[39;49m[43mmode[49m[43m,[49m
[1;32m    591[0m [43m        [49m[38;5;28;43mformat[39;49m[38;5;241;43m=[39;49m[38;5;28;43mformat[39;49m[43m,[49m
[1;32m    592[0m [43m        [49m[43mgroup[49m[38;5;241;43m=[39;49m[43mgroup[49m[43m,[49m
[1;32m    593[0m [43m        [49m[43mclobber[49m[38;5;241;43m=[39;49m[43mclobber[49m[43m,[49m
[1;32m    594[0m [43m        [49m[43mdiskless[49m[38;5;241;43m=[39;49m[43mdiskless[49m[43m,[49m
[1;32m    595[0m [43m        [49m[43mpersist[49m[38;5;241;43m=[39;49m[43mpersist[49m[43m,[49m
[1;32m    596[0m [43m        [49m[43mlock[49m[38;5;241;43m=[39;49m[43mlock[49m[43m,[49m
[1;32m    597[0m [43m        [49m[43mautoclose[49m[38;5;241;43m=[39;49m[43mautoclose[49m[43m,[49m
[1;32m    598[0m [43m    [49m[43m)[49m
[1;32m    600[0m     store_entrypoint [38;5;241m=[39m StoreBackendEntrypoint()
[1;32m    601[0m     [38;5;28;01mwith[39;00m close_on_error(store):

File [0;32m~/mambaforge/envs/cefibook/lib/python3.10/site-packages/xarray/backends/netCDF4_.py:389[0m, in [0;36mNetCDF4DataStore.open[0;34m(cls, filename, mode, format, group, clobber, diskless, persist, lock, lock_maker, autoclose)[0m
[1;32m    383[0m kwargs [38;5;241m=[39m [38;5;28mdict[39m(
[1;32m    384[0m     clobber[38;5;241m=[39mclobber, diskless[38;5;241m=[39mdiskless, persist[38;5;241m=[39mpersist, [38;5;28mformat[39m[38;5;241m=[39m[38;5;28mformat[39m
[1;32m    385[0m )
[1;32m    386[0m manager [38;5;241m=[39m CachingFileManager(
[1;32m    387[0m     netCDF4[38;5;241m.[39mDataset, filename, mode[38;5;241m=[39mmode, kwargs[38;5;241m=[39mkwargs
[1;32m    388[0m )
[0;32m--> 389[0m [38;5;28;01mreturn[39;00m [38;5;28;43mcls[39;49m[43m([49m[43mmanager[49m[43m,[49m[43m [49m[43mgroup[49m[38;5;241;43m=[39;49m[43mgroup[49m[43m,[49m[43m [49m[43mmode[49m[38;5;241;43m=[39;49m[43mmode[49m[43m,[49m[43m [49m[43mlock[49m[38;5;241;43m=[39;49m[43mlock[49m[43m,[49m[43m [49m[43mautoclose[49m[38;5;241;43m=[39;49m[43mautoclose[49m[43m)[49m

File [0;32m~/mambaforge/envs/cefibook/lib/python3.10/site-packages/xarray/backends/netCDF4_.py:336[0m, in [0;36mNetCDF4DataStore.__init__[0;34m(self, manager, group, mode, lock, autoclose)[0m
[1;32m    334[0m [38;5;28mself[39m[38;5;241m.[39m_group [38;5;241m=[39m group
[1;32m    335[0m [38;5;28mself[39m[38;5;241m.[39m_mode [38;5;241m=[39m mode
[0;32m--> 336[0m [38;5;28mself[39m[38;5;241m.[39mformat [38;5;241m=[39m [38;5;28;43mself[39;49m[38;5;241;43m.[39;49m[43mds[49m[38;5;241m.[39mdata_model
[1;32m    337[0m [38;5;28mself[39m[38;5;241m.[39m_filename [38;5;241m=[39m [38;5;28mself[39m[38;5;241m.[39mds[38;5;241m.[39mfilepath()
[1;32m    338[0m [38;5;28mself[39m[38;5;241m.[39mis_remote [38;5;241m=[39m is_remote_uri([38;5;28mself[39m[38;5;241m.[39m_filename)

File [0;32m~/mambaforge/envs/cefibook/lib/python3.10/site-packages/xarray/backends/netCDF4_.py:398[0m, in [0;36mNetCDF4DataStore.ds[0;34m(self)[0m
[1;32m    396[0m [38;5;129m@property[39m
[1;32m    397[0m [38;5;28;01mdef[39;00m [38;5;21mds[39m([38;5;28mself[39m):
[0;32m--> 398[0m     [38;5;28;01mreturn[39;00m [38;5;28;43mself[39;49m[38;5;241;43m.[39;49m[43m_acquire[49m[43m([49m[43m)[49m

File [0;32m~/mambaforge/envs/cefibook/lib/python3.10/site-packages/xarray/backends/netCDF4_.py:392[0m, in [0;36mNetCDF4DataStore._acquire[0;34m(self, needs_lock)[0m
[1;32m    391[0m [38;5;28;01mdef[39;00m [38;5;21m_acquire[39m([38;5;28mself[39m, needs_lock[38;5;241m=[39m[38;5;28;01mTrue[39;00m):
[0;32m--> 392[0m     [38;5;28;01mwith[39;00m [38;5;28mself[39m[38;5;241m.[39m_manager[38;5;241m.[39macquire_context(needs_lock) [38;5;28;01mas[39;00m root:
[1;32m    393[0m         ds [38;5;241m=[39m _nc4_require_group(root, [38;5;28mself[39m[38;5;241m.[39m_group, [38;5;28mself[39m[38;5;241m.[39m_mode)
[1;32m    394[0m     [38;5;28;01mreturn[39;00m ds

File [0;32m~/mambaforge/envs/cefibook/lib/python3.10/contextlib.py:135[0m, in [0;36m_GeneratorContextManager.__enter__[0;34m(self)[0m
[1;32m    133[0m [38;5;28;01mdel[39;00m [38;5;28mself[39m[38;5;241m.[39margs, [38;5;28mself[39m[38;5;241m.[39mkwds, [38;5;28mself[39m[38;5;241m.[39mfunc
[1;32m    134[0m [38;5;28;01mtry[39;00m:
[0;32m--> 135[0m     [38;5;28;01mreturn[39;00m [38;5;28;43mnext[39;49m[43m([49m[38;5;28;43mself[39;49m[38;5;241;43m.[39;49m[43mgen[49m[43m)[49m
[1;32m    136[0m [38;5;28;01mexcept[39;00m [38;5;167;01mStopIteration[39;00m:
[1;32m    137[0m     [38;5;28;01mraise[39;00m [38;5;167;01mRuntimeError[39;00m([38;5;124m"[39m[38;5;124mgenerator didn[39m[38;5;124m'[39m[38;5;124mt yield[39m[38;5;124m"[39m) [38;5;28;01mfrom[39;00m [38;5;28;01mNone[39;00m

File [0;32m~/mambaforge/envs/cefibook/lib/python3.10/site-packages/xarray/backends/file_manager.py:198[0m, in [0;36mCachingFileManager.acquire_context[0;34m(self, needs_lock)[0m
[1;32m    195[0m [38;5;129m@contextlib[39m[38;5;241m.[39mcontextmanager
[1;32m    196[0m [38;5;28;01mdef[39;00m [38;5;21macquire_context[39m([38;5;28mself[39m, needs_lock[38;5;241m=[39m[38;5;28;01mTrue[39;00m):
[1;32m    197[0m [38;5;250m    [39m[38;5;124;03m"""Context manager for acquiring a file."""[39;00m
[0;32m--> 198[0m     file, cached [38;5;241m=[39m [38;5;28;43mself[39;49m[38;5;241;43m.[39;49m[43m_acquire_with_cache_info[49m[43m([49m[43mneeds_lock[49m[43m)[49m
[1;32m    199[0m     [38;5;28;01mtry[39;00m:
[1;32m    200[0m         [38;5;28;01myield[39;00m file

File [0;32m~/mambaforge/envs/cefibook/lib/python3.10/site-packages/xarray/backends/file_manager.py:216[0m, in [0;36mCachingFileManager._acquire_with_cache_info[0;34m(self, needs_lock)[0m
[1;32m    214[0m     kwargs [38;5;241m=[39m kwargs[38;5;241m.[39mcopy()
[1;32m    215[0m     kwargs[[38;5;124m"[39m[38;5;124mmode[39m[38;5;124m"[39m] [38;5;241m=[39m [38;5;28mself[39m[38;5;241m.[39m_mode
[0;32m--> 216[0m file [38;5;241m=[39m [38;5;28;43mself[39;49m[38;5;241;43m.[39;49m[43m_opener[49m[43m([49m[38;5;241;43m*[39;49m[38;5;28;43mself[39;49m[38;5;241;43m.[39;49m[43m_args[49m[43m,[49m[43m [49m[38;5;241;43m*[39;49m[38;5;241;43m*[39;49m[43mkwargs[49m[43m)[49m
[1;32m    217[0m [38;5;28;01mif[39;00m [38;5;28mself[39m[38;5;241m.[39m_mode [38;5;241m==[39m [38;5;124m"[39m[38;5;124mw[39m[38;5;124m"[39m:
[1;32m    218[0m     [38;5;66;03m# ensure file doesn't get overridden when opened again[39;00m
[1;32m    219[0m     [38;5;28mself[39m[38;5;241m.[39m_mode [38;5;241m=[39m [38;5;124m"[39m[38;5;124ma[39m[38;5;124m"[39m

File [0;32msrc/netCDF4/_netCDF4.pyx:2449[0m, in [0;36mnetCDF4._netCDF4.Dataset.__init__[0;34m()[0m

File [0;32msrc/netCDF4/_netCDF4.pyx:2012[0m, in [0;36mnetCDF4._netCDF4._ensure_nc_success[0;34m()[0m

[0;31mOSError[0m: [Errno -75] NetCDF: Malformed or unexpected Constraint: 'https://coastwatch.pfeg.noaa.gov/erddap/griddap/nceiErsstv5_LonPM180.opendap?sst[(2023-04-15T00:00:00Z):1:(2023-04-15T00:00:00Z)][(0.0):1:(0.0)][(-60):1:(60)][(-180.0):1:(178.0)],ssta[(2023-04-15T00:00:00Z):1:(2023-04-15T00:00:00Z)][(0.0):1:(0.0)][(-60):1:(60)][(-180.0):1:(178.0)]'

